<?xml version="1.0" encoding="UTF-8"?>
<!-- Generated by org.testng.reporters.JUnitReportReporter -->
<testsuite skipped="0" hostname="L-SFO1HSFD58-M" name="wrappers.IrctcBus" tests="1" failures="0" timestamp="2021-11-17T16:44:20 PST" time="24.262" errors="0">
  <testcase name="testIrctc" time="24.262" classname="wrappers.IrctcBus"/>
  <system-out/>
</testsuite> <!-- wrappers.IrctcBus -->
