<?xml version="1.0" encoding="UTF-8"?>
<!-- Generated by org.testng.reporters.JUnitReportReporter -->
<testsuite skipped="0" hostname="L-SFO1HSFD58-M" name="pom_testcases.TC001_IRCTCHolidays" tests="1" failures="0" timestamp="2021-12-12T19:35:59 PST" time="29.235" errors="0">
  <testcase name="tourPackages" time="29.235" classname="pom_testcases.TC001_IRCTCHolidays"/>
  <system-out/>
</testsuite> <!-- pom_testcases.TC001_IRCTCHolidays -->
