<?xml version="1.0" encoding="UTF-8"?>
<!-- Generated by org.testng.reporters.JUnitReportReporter -->
<testsuite skipped="0" hostname="L-SFO1HSFD58-M" name="wrappers.FbAccount" tests="3" failures="0" timestamp="2021-11-19T20:24:09 PST" time="19.706" errors="0">
  <testcase name="testFB" time="6.080" classname="wrappers.FbAccount"/>
  <system-out/>
  <testcase name="testFB" time="6.019" classname="wrappers.FbAccount"/>
  <system-out/>
  <testcase name="testFB" time="7.607" classname="wrappers.FbAccount"/>
  <system-out/>
</testsuite> <!-- wrappers.FbAccount -->
