<?xml version="1.0" encoding="UTF-8"?>
<!-- Generated by org.testng.reporters.JUnitReportReporter -->
<testsuite skipped="0" hostname="L-SFO1HSFD58-M" name="utilities.DataProvider" tests="1" failures="0" timestamp="2021-11-18T16:23:19 PST" time="0.429" errors="0">
  <testcase name="getData" time="0.429" classname="utilities.DataProvider"/>
  <system-out/>
</testsuite> <!-- utilities.DataProvider -->
